# JRE version: Java(TM) SE Runtime Environment (8.0_51-b16) (build 1.8.0_51-b16)
# Java VM: Java HotSpot(TM) 64-Bit Server VM (25.51-b03 mixed mode windows-amd64 compressed oops)
Heap:
 garbage-first heap   total 7503872K, used 332436K [0x0000000516000000, 0x0000000518000728, 0x00000007c0000000)
  region size 32768K, 2 young (65536K), 2 survivors (65536K)
 Metaspace       used 67059K, capacity 73782K, committed 73884K, reserved 1112064K
  class space    used 9659K, capacity 11447K, committed 11468K, reserved 1048576K
GC Heap History (10 events):
Event: 16.375 GC heap after
Heap after GC invocations=47 (full 0):
 garbage-first heap   total 3932160K, used 313305K [0x0000000516000000, 0x00000005180003c0, 0x00000007c0000000)
  region size 32768K, 3 young (98304K), 3 survivors (98304K)
 Metaspace       used 64465K, capacity 70992K, committed 71324K, reserved 1110016K
  class space    used 9212K, capacity 10876K, committed 10956K, reserved 1048576K
}
Event: 17.330 GC heap before
{Heap before GC invocations=47 (full 0):
 garbage-first heap   total 3932160K, used 2574297K [0x0000000516000000, 0x00000005180003c0, 0x00000007c0000000)
  region size 32768K, 72 young (2359296K), 3 survivors (98304K)
 Metaspace       used 65984K, capacity 72714K, committed 72988K, reserved 1112064K
  class space    used 9472K, capacity 11235K, committed 11340K, reserved 1048576K
Event: 17.391 GC heap after
Heap after GC invocations=48 (full 0):
 garbage-first heap   total 5406720K, used 309953K [0x0000000516000000, 0x0000000518000528, 0x00000007c0000000)
  region size 32768K, 2 young (65536K), 2 survivors (65536K)
 Metaspace       used 65984K, capacity 72714K, committed 72988K, reserved 1112064K
  class space    used 9472K, capacity 11235K, committed 11340K, reserved 1048576K
}
Event: 17.822 GC heap before
{Heap before GC invocations=48 (full 0):
 garbage-first heap   total 5406720K, used 932545K [0x0000000516000000, 0x0000000518000528, 0x00000007c0000000)
  region size 32768K, 22 young (720896K), 2 survivors (65536K)
 Metaspace       used 66703K, capacity 73472K, committed 73628K, reserved 1112064K
  class space    used 9596K, capacity 11360K, committed 11468K, reserved 1048576K
Event: 17.895 GC heap after
Heap after GC invocations=49 (full 0):
 garbage-first heap   total 5406720K, used 342574K [0x0000000516000000, 0x0000000518000528, 0x00000007c0000000)
  region size 32768K, 3 young (98304K), 3 survivors (98304K)
 Metaspace       used 66703K, capacity 73472K, committed 73628K, reserved 1112064K
  class space    used 9596K, capacity 11360K, committed 11468K, reserved 1048576K
}
Event: 18.830 GC heap before
{Heap before GC invocations=50 (full 0):
 garbage-first heap   total 5406720K, used 2210350K [0x0000000516000000, 0x0000000518000528, 0x00000007c0000000)
  region size 32768K, 60 young (1966080K), 3 survivors (98304K)
 Metaspace       used 66972K, capacity 73744K, committed 73884K, reserved 1112064K
  class space    used 9636K, capacity 11414K, committed 11468K, reserved 1048576K
Event: 18.873 GC heap after
Heap after GC invocations=51 (full 0):
 garbage-first heap   total 6586368K, used 320130K [0x0000000516000000, 0x0000000518000648, 0x00000007c0000000)
  region size 32768K, 2 young (65536K), 2 survivors (65536K)
 Metaspace       used 66972K, capacity 73744K, committed 73884K, reserved 1112064K
  class space    used 9636K, capacity 11414K, committed 11468K, reserved 1048576K
}
Event: 30.854 GC heap before
{Heap before GC invocations=51 (full 0):
 garbage-first heap   total 6586368K, used 3662466K [0x0000000516000000, 0x0000000518000648, 0x00000007c0000000)
  region size 32768K, 104 young (3407872K), 2 survivors (65536K)
 Metaspace       used 66975K, capacity 73744K, committed 73884K, reserved 1112064K
  class space    used 9637K, capacity 11414K, committed 11468K, reserved 1048576K
Event: 32.595 GC heap after
Heap after GC invocations=52 (full 0):
 garbage-first heap   total 6586368K, used 333497K [0x0000000516000000, 0x0000000518000648, 0x00000007c0000000)
  region size 32768K, 2 young (65536K), 2 survivors (65536K)
 Metaspace       used 66975K, capacity 73744K, committed 73884K, reserved 1112064K
  class space    used 9637K, capacity 11414K, committed 11468K, reserved 1048576K
}
Event: 33.056 GC heap before
{Heap before GC invocations=52 (full 0):
 garbage-first heap   total 6586368K, used 1578681K [0x0000000516000000, 0x0000000518000648, 0x00000007c0000000)
  region size 32768K, 40 young (1310720K), 2 survivors (65536K)
 Metaspace       used 67059K, capacity 73782K, committed 73884K, reserved 1112064K
  class space    used 9659K, capacity 11447K, committed 11468K, reserved 1048576K

