# JRE version: Java(TM) SE Runtime Environment (8.0_51-b16) (build 1.8.0_51-b16)
# Java VM: Java HotSpot(TM) 64-Bit Server VM (25.51-b03 mixed mode windows-amd64 compressed oops)
Heap:
 garbage-first heap   total 9797632K, used 2073212K [0x0000000516000000, 0x0000000518000958, 0x00000007c0000000)
  region size 32768K, 51 young (1671168K), 5 survivors (163840K)
 Metaspace       used 134669K, capacity 150436K, committed 150592K, reserved 1171456K
  class space    used 23562K, capacity 29541K, committed 29564K, reserved 1048576K
GC Heap History (10 events):
Event: 47.490 GC heap before
{Heap before GC invocations=98 (full 0):
 garbage-first heap   total 8421376K, used 2054121K [0x0000000516000000, 0x0000000518000808, 0x00000007c0000000)
  region size 32768K, 51 young (1671168K), 5 survivors (163840K)
 Metaspace       used 132742K, capacity 148180K, committed 148288K, reserved 1169408K
  class space    used 23332K, capacity 29257K, committed 29308K, reserved 1048576K
Event: 47.567 GC heap after
Heap after GC invocations=99 (full 0):
 garbage-first heap   total 8421376K, used 564592K [0x0000000516000000, 0x0000000518000808, 0x00000007c0000000)
  region size 32768K, 6 young (196608K), 6 survivors (196608K)
 Metaspace       used 132742K, capacity 148180K, committed 148288K, reserved 1169408K
  class space    used 23332K, capacity 29257K, committed 29308K, reserved 1048576K
}
Event: 48.163 GC heap before
{Heap before GC invocations=99 (full 0):
 garbage-first heap   total 8421376K, used 2039152K [0x0000000516000000, 0x0000000518000808, 0x00000007c0000000)
  region size 32768K, 52 young (1703936K), 6 survivors (196608K)
 Metaspace       used 132744K, capacity 148180K, committed 148288K, reserved 1169408K
  class space    used 23332K, capacity 29257K, committed 29308K, reserved 1048576K
Event: 48.231 GC heap after
Heap after GC invocations=100 (full 0):
 garbage-first heap   total 8978432K, used 580976K [0x0000000516000000, 0x0000000518000890, 0x00000007c0000000)
  region size 32768K, 6 young (196608K), 6 survivors (196608K)
 Metaspace       used 132744K, capacity 148180K, committed 148288K, reserved 1169408K
  class space    used 23332K, capacity 29257K, committed 29308K, reserved 1048576K
}
Event: 49.400 GC heap before
{Heap before GC invocations=100 (full 0):
 garbage-first heap   total 8978432K, used 2153840K [0x0000000516000000, 0x0000000518000890, 0x00000007c0000000)
  region size 32768K, 54 young (1769472K), 6 survivors (196608K)
 Metaspace       used 133479K, capacity 149048K, committed 149184K, reserved 1169408K
  class space    used 23405K, capacity 29359K, committed 29436K, reserved 1048576K
Event: 49.468 GC heap after
Heap after GC invocations=101 (full 0):
 garbage-first heap   total 9437184K, used 601255K [0x0000000516000000, 0x0000000518000900, 0x00000007c0000000)
  region size 32768K, 7 young (229376K), 7 survivors (229376K)
 Metaspace       used 133479K, capacity 149048K, committed 149184K, reserved 1169408K
  class space    used 23405K, capacity 29359K, committed 29436K, reserved 1048576K
}
Event: 51.085 GC heap before
{Heap before GC invocations=101 (full 0):
 garbage-first heap   total 9437184K, used 2239655K [0x0000000516000000, 0x0000000518000900, 0x00000007c0000000)
  region size 32768K, 57 young (1867776K), 7 survivors (229376K)
 Metaspace       used 134022K, capacity 149702K, committed 149824K, reserved 1169408K
  class space    used 23503K, capacity 29458K, committed 29564K, reserved 1048576K
Event: 51.173 GC heap after
Heap after GC invocations=102 (full 0):
 garbage-first heap   total 9797632K, used 568214K [0x0000000516000000, 0x0000000518000958, 0x00000007c0000000)
  region size 32768K, 5 young (163840K), 5 survivors (163840K)
 Metaspace       used 134022K, capacity 149702K, committed 149824K, reserved 1169408K
  class space    used 23503K, capacity 29458K, committed 29564K, reserved 1048576K
}
Event: 53.710 GC heap before
{Heap before GC invocations=102 (full 0):
 garbage-first heap   total 9797632K, used 2337686K [0x0000000516000000, 0x0000000518000958, 0x00000007c0000000)
  region size 32768K, 60 young (1966080K), 5 survivors (163840K)
 Metaspace       used 134558K, capacity 150258K, committed 150336K, reserved 1169408K
  class space    used 23555K, capacity 29534K, committed 29564K, reserved 1048576K
Event: 53.788 GC heap after
Heap after GC invocations=103 (full 0):
 garbage-first heap   total 9797632K, used 598652K [0x0000000516000000, 0x0000000518000958, 0x00000007c0000000)
  region size 32768K, 5 young (163840K), 5 survivors (163840K)
 Metaspace       used 134558K, capacity 150258K, committed 150336K, reserved 1169408K
  class space    used 23555K, capacity 29534K, committed 29564K, reserved 1048576K
}

