# JRE version: Java(TM) SE Runtime Environment (8.0_51-b16) (build 1.8.0_51-b16)
# Java VM: Java HotSpot(TM) 64-Bit Server VM (25.51-b03 mixed mode windows-amd64 compressed oops)
Heap:
 garbage-first heap   total 2097152K, used 254747K [0x0000000516000000, 0x0000000518000200, 0x00000007c0000000)
  region size 32768K, 2 young (65536K), 2 survivors (65536K)
 Metaspace       used 61088K, capacity 67334K, committed 67484K, reserved 1105920K
  class space    used 8556K, capacity 10098K, committed 10188K, reserved 1048576K
GC Heap History (10 events):
Event: 12.340 GC heap after
Heap after GC invocations=42 (full 0):
 garbage-first heap   total 1048576K, used 253814K [0x0000000516000000, 0x0000000518000100, 0x00000007c0000000)
  region size 32768K, 2 young (65536K), 2 survivors (65536K)
 Metaspace       used 61072K, capacity 67330K, committed 67484K, reserved 1105920K
  class space    used 8556K, capacity 10098K, committed 10188K, reserved 1048576K
}
Event: 12.487 GC heap before
{Heap before GC invocations=42 (full 0):
 garbage-first heap   total 1048576K, used 712566K [0x0000000516000000, 0x0000000518000100, 0x00000007c0000000)
  region size 32768K, 17 young (557056K), 2 survivors (65536K)
 Metaspace       used 61085K, capacity 67330K, committed 67484K, reserved 1105920K
  class space    used 8556K, capacity 10098K, committed 10188K, reserved 1048576K
Event: 12.506 GC heap after
Heap after GC invocations=43 (full 0):
 garbage-first heap   total 1048576K, used 257157K [0x0000000516000000, 0x0000000518000100, 0x00000007c0000000)
  region size 32768K, 2 young (65536K), 2 survivors (65536K)
 Metaspace       used 61085K, capacity 67330K, committed 67484K, reserved 1105920K
  class space    used 8556K, capacity 10098K, committed 10188K, reserved 1048576K
}
Event: 12.609 GC heap before
{Heap before GC invocations=43 (full 0):
 garbage-first heap   total 1048576K, used 715909K [0x0000000516000000, 0x0000000518000100, 0x00000007c0000000)
  region size 32768K, 16 young (524288K), 2 survivors (65536K)
 Metaspace       used 61085K, capacity 67330K, committed 67484K, reserved 1105920K
  class space    used 8556K, capacity 10098K, committed 10188K, reserved 1048576K
Event: 12.628 GC heap after
Heap after GC invocations=44 (full 0):
 garbage-first heap   total 1048576K, used 261457K [0x0000000516000000, 0x0000000518000100, 0x00000007c0000000)
  region size 32768K, 2 young (65536K), 2 survivors (65536K)
 Metaspace       used 61085K, capacity 67330K, committed 67484K, reserved 1105920K
  class space    used 8556K, capacity 10098K, committed 10188K, reserved 1048576K
}
Event: 12.835 GC heap before
{Heap before GC invocations=44 (full 0):
 garbage-first heap   total 1048576K, used 720209K [0x0000000516000000, 0x0000000518000100, 0x00000007c0000000)
  region size 32768K, 16 young (524288K), 2 survivors (65536K)
 Metaspace       used 61085K, capacity 67330K, committed 67484K, reserved 1105920K
  class space    used 8556K, capacity 10098K, committed 10188K, reserved 1048576K
Event: 12.855 GC heap after
Heap after GC invocations=45 (full 0):
 garbage-first heap   total 1048576K, used 245901K [0x0000000516000000, 0x0000000518000100, 0x00000007c0000000)
  region size 32768K, 1 young (32768K), 1 survivors (32768K)
 Metaspace       used 61085K, capacity 67330K, committed 67484K, reserved 1105920K
  class space    used 8556K, capacity 10098K, committed 10188K, reserved 1048576K
}
Event: 12.959 GC heap before
{Heap before GC invocations=45 (full 0):
 garbage-first heap   total 1048576K, used 770189K [0x0000000516000000, 0x0000000518000100, 0x00000007c0000000)
  region size 32768K, 17 young (557056K), 1 survivors (32768K)
 Metaspace       used 61088K, capacity 67334K, committed 67484K, reserved 1105920K
  class space    used 8556K, capacity 10098K, committed 10188K, reserved 1048576K
Event: 12.982 GC heap after
Heap after GC invocations=46 (full 0):
 garbage-first heap   total 1048576K, used 261734K [0x0000000516000000, 0x0000000518000100, 0x00000007c0000000)
  region size 32768K, 2 young (65536K), 2 survivors (65536K)
 Metaspace       used 61088K, capacity 67334K, committed 67484K, reserved 1105920K
  class space    used 8556K, capacity 10098K, committed 10188K, reserved 1048576K
}
Event: 13.047 GC heap before
{Heap before GC invocations=46 (full 0):
 garbage-first heap   total 1048576K, used 720486K [0x0000000516000000, 0x0000000518000100, 0x00000007c0000000)
  region size 32768K, 16 young (524288K), 2 survivors (65536K)
 Metaspace       used 61088K, capacity 67334K, committed 67484K, reserved 1105920K
  class space    used 8556K, capacity 10098K, committed 10188K, reserved 1048576K

