# JRE version: Java(TM) SE Runtime Environment (8.0_51-b16) (build 1.8.0_51-b16)
# Java VM: Java HotSpot(TM) 64-Bit Server VM (25.51-b03 mixed mode windows-amd64 compressed oops)
Heap:
 garbage-first heap   total 10321920K, used 337566K [0x0000000516000000, 0x00000005180009d8, 0x00000007c0000000)
  region size 32768K, 3 young (98304K), 3 survivors (98304K)
 Metaspace       used 68107K, capacity 75008K, committed 75216K, reserved 1112064K
  class space    used 9868K, capacity 11744K, committed 11776K, reserved 1048576K
GC Heap History (10 events):
Event: 19.977 GC heap after
Heap after GC invocations=82 (full 0):
 garbage-first heap   total 8421376K, used 381378K [0x0000000516000000, 0x0000000518000808, 0x00000007c0000000)
  region size 32768K, 6 young (196608K), 6 survivors (196608K)
 Metaspace       used 68098K, capacity 75006K, committed 75216K, reserved 1112064K
  class space    used 9867K, capacity 11743K, committed 11776K, reserved 1048576K
}
Event: 20.294 GC heap before
{Heap before GC invocations=82 (full 0):
 garbage-first heap   total 8421376K, used 1855938K [0x0000000516000000, 0x0000000518000808, 0x00000007c0000000)
  region size 32768K, 52 young (1703936K), 6 survivors (196608K)
 Metaspace       used 68098K, capacity 75006K, committed 75216K, reserved 1112064K
  class space    used 9867K, capacity 11743K, committed 11776K, reserved 1048576K
Event: 20.391 GC heap after
Heap after GC invocations=83 (full 0):
 garbage-first heap   total 8978432K, used 355822K [0x0000000516000000, 0x0000000518000890, 0x00000007c0000000)
  region size 32768K, 5 young (163840K), 5 survivors (163840K)
 Metaspace       used 68098K, capacity 75006K, committed 75216K, reserved 1112064K
  class space    used 9867K, capacity 11743K, committed 11776K, reserved 1048576K
}
Event: 20.830 GC heap before
{Heap before GC invocations=83 (full 0):
 garbage-first heap   total 8978432K, used 1961454K [0x0000000516000000, 0x0000000518000890, 0x00000007c0000000)
  region size 32768K, 55 young (1802240K), 5 survivors (163840K)
 Metaspace       used 68099K, capacity 75006K, committed 75216K, reserved 1112064K
  class space    used 9867K, capacity 11743K, committed 11776K, reserved 1048576K
Event: 20.887 GC heap after
Heap after GC invocations=84 (full 0):
 garbage-first heap   total 9437184K, used 341430K [0x0000000516000000, 0x0000000518000900, 0x00000007c0000000)
  region size 32768K, 4 young (131072K), 4 survivors (131072K)
 Metaspace       used 68099K, capacity 75006K, committed 75216K, reserved 1112064K
  class space    used 9867K, capacity 11743K, committed 11776K, reserved 1048576K
}
Event: 21.290 GC heap before
{Heap before GC invocations=84 (full 0):
 garbage-first heap   total 9437184K, used 2078134K [0x0000000516000000, 0x0000000518000900, 0x00000007c0000000)
  region size 32768K, 57 young (1867776K), 4 survivors (131072K)
 Metaspace       used 68099K, capacity 75006K, committed 75216K, reserved 1112064K
  class space    used 9867K, capacity 11743K, committed 11776K, reserved 1048576K
Event: 21.346 GC heap after
Heap after GC invocations=85 (full 0):
 garbage-first heap   total 9797632K, used 333214K [0x0000000516000000, 0x0000000518000958, 0x00000007c0000000)
  region size 32768K, 3 young (98304K), 3 survivors (98304K)
 Metaspace       used 68099K, capacity 75006K, committed 75216K, reserved 1112064K
  class space    used 9867K, capacity 11743K, committed 11776K, reserved 1048576K
}
Event: 22.804 GC heap before
{Heap before GC invocations=85 (full 0):
 garbage-first heap   total 9797632K, used 6100382K [0x0000000516000000, 0x0000000518000958, 0x00000007c0000000)
  region size 32768K, 180 young (5898240K), 3 survivors (98304K)
 Metaspace       used 68107K, capacity 75008K, committed 75216K, reserved 1112064K
  class space    used 9868K, capacity 11744K, committed 11776K, reserved 1048576K
Event: 22.863 GC heap after
Heap after GC invocations=86 (full 0):
 garbage-first heap   total 10092544K, used 338937K [0x0000000516000000, 0x00000005180009a0, 0x00000007c0000000)
  region size 32768K, 3 young (98304K), 3 survivors (98304K)
 Metaspace       used 68107K, capacity 75008K, committed 75216K, reserved 1112064K
  class space    used 9868K, capacity 11744K, committed 11776K, reserved 1048576K
}
Event: 23.313 GC heap before
{Heap before GC invocations=86 (full 0):
 garbage-first heap   total 10092544K, used 2239481K [0x0000000516000000, 0x00000005180009a0, 0x00000007c0000000)
  region size 32768K, 61 young (1998848K), 3 survivors (98304K)
 Metaspace       used 68107K, capacity 75008K, committed 75216K, reserved 1112064K
  class space    used 9868K, capacity 11744K, committed 11776K, reserved 1048576K

