# JRE version: Java(TM) SE Runtime Environment (8.0_51-b16) (build 1.8.0_51-b16)
# Java VM: Java HotSpot(TM) 64-Bit Server VM (25.51-b03 mixed mode windows-amd64 compressed oops)
Heap:
 garbage-first heap   total 6586368K, used 318986K [0x0000000516000000, 0x0000000518000648, 0x00000007c0000000)
  region size 32768K, 3 young (98304K), 3 survivors (98304K)
 Metaspace       used 64313K, capacity 70818K, committed 70992K, reserved 1110016K
  class space    used 9205K, capacity 10865K, committed 10880K, reserved 1048576K
GC Heap History (10 events):
Event: 13.252 GC heap after
Heap after GC invocations=46 (full 0):
 garbage-first heap   total 524288K, used 254369K [0x0000000516000000, 0x0000000518000080, 0x00000007c0000000)
  region size 32768K, 1 young (32768K), 1 survivors (32768K)
 Metaspace       used 60056K, capacity 65854K, committed 66128K, reserved 1105920K
  class space    used 8346K, capacity 9800K, committed 9856K, reserved 1048576K
}
Event: 13.299 GC heap before
{Heap before GC invocations=46 (full 0):
 garbage-first heap   total 524288K, used 319905K [0x0000000516000000, 0x0000000518000080, 0x00000007c0000000)
  region size 32768K, 3 young (98304K), 1 survivors (32768K)
 Metaspace       used 60077K, capacity 65930K, committed 66128K, reserved 1105920K
  class space    used 8352K, capacity 9806K, committed 9856K, reserved 1048576K
Event: 13.337 GC heap after
Heap after GC invocations=47 (full 0):
 garbage-first heap   total 1048576K, used 259462K [0x0000000516000000, 0x0000000518000100, 0x00000007c0000000)
  region size 32768K, 1 young (32768K), 1 survivors (32768K)
 Metaspace       used 60077K, capacity 65930K, committed 66128K, reserved 1105920K
  class space    used 8352K, capacity 9806K, committed 9856K, reserved 1048576K
}
Event: 13.717 GC heap before
{Heap before GC invocations=47 (full 0):
 garbage-first heap   total 1048576K, used 652678K [0x0000000516000000, 0x0000000518000100, 0x00000007c0000000)
  region size 32768K, 13 young (425984K), 1 survivors (32768K)
 Metaspace       used 60776K, capacity 66806K, committed 67152K, reserved 1105920K
  class space    used 8506K, capacity 10020K, committed 10112K, reserved 1048576K
Event: 13.745 GC heap after
Heap after GC invocations=48 (full 0):
 garbage-first heap   total 2097152K, used 263025K [0x0000000516000000, 0x0000000518000200, 0x00000007c0000000)
  region size 32768K, 1 young (32768K), 1 survivors (32768K)
 Metaspace       used 60776K, capacity 66806K, committed 67152K, reserved 1105920K
  class space    used 8506K, capacity 10020K, committed 10112K, reserved 1048576K
}
Event: 14.703 GC heap before
{Heap before GC invocations=48 (full 0):
 garbage-first heap   total 2097152K, used 1475441K [0x0000000516000000, 0x0000000518000200, 0x00000007c0000000)
  region size 32768K, 38 young (1245184K), 1 survivors (32768K)
 Metaspace       used 62461K, capacity 68752K, committed 68816K, reserved 1107968K
  class space    used 8879K, capacity 10470K, committed 10496K, reserved 1048576K
Event: 14.740 GC heap after
Heap after GC invocations=49 (full 0):
 garbage-first heap   total 3932160K, used 285359K [0x0000000516000000, 0x00000005180003c0, 0x00000007c0000000)
  region size 32768K, 2 young (65536K), 2 survivors (65536K)
 Metaspace       used 62461K, capacity 68752K, committed 68816K, reserved 1107968K
  class space    used 8879K, capacity 10470K, committed 10496K, reserved 1048576K
}
Event: 15.721 GC heap before
{Heap before GC invocations=49 (full 0):
 garbage-first heap   total 3932160K, used 1366703K [0x0000000516000000, 0x00000005180003c0, 0x00000007c0000000)
  region size 32768K, 35 young (1146880K), 2 survivors (65536K)
 Metaspace       used 64149K, capacity 70642K, committed 70736K, reserved 1110016K
  class space    used 9187K, capacity 10849K, committed 10880K, reserved 1048576K
Event: 15.772 GC heap after
Heap after GC invocations=50 (full 0):
 garbage-first heap   total 5406720K, used 297695K [0x0000000516000000, 0x0000000518000528, 0x00000007c0000000)
  region size 32768K, 2 young (65536K), 2 survivors (65536K)
 Metaspace       used 64149K, capacity 70642K, committed 70736K, reserved 1110016K
  class space    used 9187K, capacity 10849K, committed 10880K, reserved 1048576K
}
Event: 16.413 GC heap before
{Heap before GC invocations=50 (full 0):
 garbage-first heap   total 5406720K, used 1444575K [0x0000000516000000, 0x0000000518000528, 0x00000007c0000000)
  region size 32768K, 37 young (1212416K), 2 survivors (65536K)
 Metaspace       used 64313K, capacity 70818K, committed 70992K, reserved 1110016K
  class space    used 9205K, capacity 10865K, committed 10880K, reserved 1048576K

