# JRE version: Java(TM) SE Runtime Environment (8.0_51-b16) (build 1.8.0_51-b16)
# Java VM: Java HotSpot(TM) 64-Bit Server VM (25.51-b03 mixed mode windows-amd64 compressed oops)
Heap:
 garbage-first heap   total 8323072K, used 308560K [0x0000000516000000, 0x00000005180007f0, 0x00000007c0000000)
  region size 32768K, 2 young (65536K), 2 survivors (65536K)
 Metaspace       used 64260K, capacity 70744K, committed 70992K, reserved 1110016K
  class space    used 9198K, capacity 10858K, committed 10880K, reserved 1048576K
GC Heap History (10 events):
Event: 15.402 GC heap after
Heap after GC invocations=65 (full 0):
 garbage-first heap   total 2359296K, used 278739K [0x0000000516000000, 0x0000000518000240, 0x00000007c0000000)
  region size 32768K, 1 young (32768K), 1 survivors (32768K)
 Metaspace       used 59469K, capacity 65206K, committed 65488K, reserved 1105920K
  class space    used 8211K, capacity 9602K, committed 9728K, reserved 1048576K
}
Event: 15.835 GC heap before
{Heap before GC invocations=65 (full 0):
 garbage-first heap   total 2359296K, used 737491K [0x0000000516000000, 0x0000000518000240, 0x00000007c0000000)
  region size 32768K, 15 young (491520K), 1 survivors (32768K)
 Metaspace       used 59879K, capacity 65750K, committed 65872K, reserved 1105920K
  class space    used 8322K, capacity 9780K, committed 9856K, reserved 1048576K
Event: 15.866 GC heap after
Heap after GC invocations=66 (full 0):
 garbage-first heap   total 4128768K, used 267364K [0x0000000516000000, 0x00000005180003f0, 0x00000007c0000000)
  region size 32768K, 1 young (32768K), 1 survivors (32768K)
 Metaspace       used 59879K, capacity 65750K, committed 65872K, reserved 1105920K
  class space    used 8322K, capacity 9780K, committed 9856K, reserved 1048576K
}
Event: 16.917 GC heap before
{Heap before GC invocations=66 (full 0):
 garbage-first heap   total 4128768K, used 1610852K [0x0000000516000000, 0x00000005180003f0, 0x00000007c0000000)
  region size 32768K, 42 young (1376256K), 1 survivors (32768K)
 Metaspace       used 61635K, capacity 67884K, committed 68176K, reserved 1107968K
  class space    used 8690K, capacity 10283K, committed 10368K, reserved 1048576K
Event: 17.843 GC heap after
Heap after GC invocations=67 (full 0):
 garbage-first heap   total 5537792K, used 281794K [0x0000000516000000, 0x0000000518000548, 0x00000007c0000000)
  region size 32768K, 1 young (32768K), 1 survivors (32768K)
 Metaspace       used 61635K, capacity 67884K, committed 68176K, reserved 1107968K
  class space    used 8690K, capacity 10283K, committed 10368K, reserved 1048576K
}
Event: 18.766 GC heap before
{Heap before GC invocations=67 (full 0):
 garbage-first heap   total 5537792K, used 1330370K [0x0000000516000000, 0x0000000518000548, 0x00000007c0000000)
  region size 32768K, 33 young (1081344K), 1 survivors (32768K)
 Metaspace       used 63808K, capacity 70272K, committed 70480K, reserved 1110016K
  class space    used 9125K, capacity 10776K, committed 10880K, reserved 1048576K
Event: 19.104 GC heap after
Heap after GC invocations=68 (full 0):
 garbage-first heap   total 6684672K, used 293982K [0x0000000516000000, 0x0000000518000660, 0x00000007c0000000)
  region size 32768K, 2 young (65536K), 2 survivors (65536K)
 Metaspace       used 63808K, capacity 70272K, committed 70480K, reserved 1110016K
  class space    used 9125K, capacity 10776K, committed 10880K, reserved 1048576K
}
Event: 20.077 GC heap before
{Heap before GC invocations=68 (full 0):
 garbage-first heap   total 6684672K, used 1539166K [0x0000000516000000, 0x0000000518000660, 0x00000007c0000000)
  region size 32768K, 40 young (1310720K), 2 survivors (65536K)
 Metaspace       used 64209K, capacity 70734K, committed 70992K, reserved 1110016K
  class space    used 9189K, capacity 10853K, committed 10880K, reserved 1048576K
Event: 20.242 GC heap after
Heap after GC invocations=69 (full 0):
 garbage-first heap   total 7602176K, used 301378K [0x0000000516000000, 0x0000000518000740, 0x00000007c0000000)
  region size 32768K, 2 young (65536K), 2 survivors (65536K)
 Metaspace       used 64209K, capacity 70734K, committed 70992K, reserved 1110016K
  class space    used 9189K, capacity 10853K, committed 10880K, reserved 1048576K
}
Event: 25.514 GC heap before
{Heap before GC invocations=69 (full 0):
 garbage-first heap   total 7602176K, used 1743170K [0x0000000516000000, 0x0000000518000740, 0x00000007c0000000)
  region size 32768K, 46 young (1507328K), 2 survivors (65536K)
 Metaspace       used 64260K, capacity 70744K, committed 70992K, reserved 1110016K
  class space    used 9198K, capacity 10858K, committed 10880K, reserved 1048576K

