# JRE version: Java(TM) SE Runtime Environment (8.0_51-b16) (build 1.8.0_51-b16)
# Java VM: Java HotSpot(TM) 64-Bit Server VM (25.51-b03 mixed mode windows-amd64 compressed oops)
Heap:
 garbage-first heap   total 4358144K, used 269626K [0x0000000516000000, 0x0000000518000428, 0x00000007c0000000)
  region size 32768K, 2 young (65536K), 2 survivors (65536K)
 Metaspace       used 60781K, capacity 66818K, committed 67100K, reserved 1105920K
  class space    used 8511K, capacity 10028K, committed 10060K, reserved 1048576K
GC Heap History (10 events):
Event: 11.225 GC heap after
Heap after GC invocations=67 (full 0):
 garbage-first heap   total 294912K, used 200839K [0x0000000516000000, 0x0000000518000048, 0x00000007c0000000)
  region size 32768K, 1 young (32768K), 1 survivors (32768K)
 Metaspace       used 59617K, capacity 65480K, committed 65692K, reserved 1105920K
  class space    used 8264K, capacity 9675K, committed 9676K, reserved 1048576K
}
Event: 11.327 GC heap before
{Heap before GC invocations=67 (full 0):
 garbage-first heap   total 294912K, used 233607K [0x0000000516000000, 0x0000000518000048, 0x00000007c0000000)
  region size 32768K, 3 young (98304K), 1 survivors (32768K)
 Metaspace       used 59661K, capacity 65530K, committed 65820K, reserved 1105920K
  class space    used 8278K, capacity 9696K, committed 9804K, reserved 1048576K
Event: 11.346 GC heap after
Heap after GC invocations=68 (full 0):
 garbage-first heap   total 327680K, used 216490K [0x0000000516000000, 0x0000000518000050, 0x00000007c0000000)
  region size 32768K, 1 young (32768K), 1 survivors (32768K)
 Metaspace       used 59661K, capacity 65530K, committed 65820K, reserved 1105920K
  class space    used 8278K, capacity 9696K, committed 9804K, reserved 1048576K
}
Event: 11.481 GC heap before
{Heap before GC invocations=69 (full 0):
 garbage-first heap   total 327680K, used 249258K [0x0000000516000000, 0x0000000518000050, 0x00000007c0000000)
  region size 32768K, 2 young (65536K), 1 survivors (32768K)
 Metaspace       used 59714K, capacity 65494K, committed 65820K, reserved 1105920K
  class space    used 8291K, capacity 9714K, committed 9804K, reserved 1048576K
Event: 11.502 GC heap after
Heap after GC invocations=70 (full 0):
 garbage-first heap   total 655360K, used 216390K [0x0000000516000000, 0x00000005180000a0, 0x00000007c0000000)
  region size 32768K, 1 young (32768K), 1 survivors (32768K)
 Metaspace       used 59714K, capacity 65494K, committed 65820K, reserved 1105920K
  class space    used 8291K, capacity 9714K, committed 9804K, reserved 1048576K
}
Event: 11.677 GC heap before
{Heap before GC invocations=70 (full 0):
 garbage-first heap   total 655360K, used 445766K [0x0000000516000000, 0x00000005180000a0, 0x00000007c0000000)
  region size 32768K, 8 young (262144K), 1 survivors (32768K)
 Metaspace       used 60043K, capacity 65918K, committed 66204K, reserved 1105920K
  class space    used 8374K, capacity 9836K, committed 9932K, reserved 1048576K
Event: 13.168 GC heap after
Heap after GC invocations=71 (full 0):
 garbage-first heap   total 1310720K, used 241129K [0x0000000516000000, 0x0000000518000140, 0x00000007c0000000)
  region size 32768K, 1 young (32768K), 1 survivors (32768K)
 Metaspace       used 60043K, capacity 65918K, committed 66204K, reserved 1105920K
  class space    used 8374K, capacity 9836K, committed 9932K, reserved 1048576K
}
Event: 13.320 GC heap before
{Heap before GC invocations=71 (full 0):
 garbage-first heap   total 1310720K, used 470505K [0x0000000516000000, 0x0000000518000140, 0x00000007c0000000)
  region size 32768K, 8 young (262144K), 1 survivors (32768K)
 Metaspace       used 60176K, capacity 66138K, committed 66460K, reserved 1105920K
  class space    used 8405K, capacity 9876K, committed 9932K, reserved 1048576K
Event: 13.699 GC heap after
Heap after GC invocations=72 (full 0):
 garbage-first heap   total 2621440K, used 254251K [0x0000000516000000, 0x0000000518000280, 0x00000007c0000000)
  region size 32768K, 1 young (32768K), 1 survivors (32768K)
 Metaspace       used 60176K, capacity 66138K, committed 66460K, reserved 1105920K
  class space    used 8405K, capacity 9876K, committed 9932K, reserved 1048576K
}
Event: 14.160 GC heap before
{Heap before GC invocations=72 (full 0):
 garbage-first heap   total 2621440K, used 745771K [0x0000000516000000, 0x0000000518000280, 0x00000007c0000000)
  region size 32768K, 17 young (557056K), 1 survivors (32768K)
 Metaspace       used 60781K, capacity 66818K, committed 67100K, reserved 1105920K
  class space    used 8511K, capacity 10028K, committed 10060K, reserved 1048576K

