# JRE version: Java(TM) SE Runtime Environment (8.0_51-b16) (build 1.8.0_51-b16)
# Java VM: Java HotSpot(TM) 64-Bit Server VM (25.51-b03 mixed mode windows-amd64 compressed oops)
Heap:
 garbage-first heap   total 5734400K, used 284943K [0x0000000516000000, 0x0000000518000578, 0x00000007c0000000)
  region size 32768K, 3 young (98304K), 3 survivors (98304K)
 Metaspace       used 61232K, capacity 67504K, committed 67792K, reserved 1107968K
  class space    used 8596K, capacity 10187K, committed 10240K, reserved 1048576K
GC Heap History (10 events):
Event: 11.209 GC heap after
Heap after GC invocations=61 (full 0):
 garbage-first heap   total 327680K, used 193804K [0x0000000516000000, 0x0000000518000050, 0x00000007c0000000)
  region size 32768K, 1 young (32768K), 1 survivors (32768K)
 Metaspace       used 58976K, capacity 64650K, committed 64720K, reserved 1103872K
  class space    used 8104K, capacity 9440K, committed 9472K, reserved 1048576K
}
Event: 11.262 GC heap before
{Heap before GC invocations=61 (full 0):
 garbage-first heap   total 327680K, used 226572K [0x0000000516000000, 0x0000000518000050, 0x00000007c0000000)
  region size 32768K, 2 young (65536K), 1 survivors (32768K)
 Metaspace       used 59049K, capacity 64828K, committed 65104K, reserved 1105920K
  class space    used 8120K, capacity 9481K, committed 9600K, reserved 1048576K
Event: 11.278 GC heap after
Heap after GC invocations=62 (full 0):
 garbage-first heap   total 655360K, used 210979K [0x0000000516000000, 0x00000005180000a0, 0x00000007c0000000)
  region size 32768K, 1 young (32768K), 1 survivors (32768K)
 Metaspace       used 59049K, capacity 64828K, committed 65104K, reserved 1105920K
  class space    used 8120K, capacity 9481K, committed 9600K, reserved 1048576K
}
Event: 11.629 GC heap before
{Heap before GC invocations=63 (full 0):
 garbage-first heap   total 655360K, used 440355K [0x0000000516000000, 0x00000005180000a0, 0x00000007c0000000)
  region size 32768K, 8 young (262144K), 1 survivors (32768K)
 Metaspace       used 59908K, capacity 65760K, committed 65872K, reserved 1105920K
  class space    used 8323K, capacity 9759K, committed 9856K, reserved 1048576K
Event: 11.673 GC heap after
Heap after GC invocations=64 (full 0):
 garbage-first heap   total 1310720K, used 233758K [0x0000000516000000, 0x0000000518000140, 0x00000007c0000000)
  region size 32768K, 1 young (32768K), 1 survivors (32768K)
 Metaspace       used 59908K, capacity 65760K, committed 65872K, reserved 1105920K
  class space    used 8323K, capacity 9759K, committed 9856K, reserved 1048576K
}
Event: 11.874 GC heap before
{Heap before GC invocations=64 (full 0):
 garbage-first heap   total 1310720K, used 561438K [0x0000000516000000, 0x0000000518000140, 0x00000007c0000000)
  region size 32768K, 11 young (360448K), 1 survivors (32768K)
 Metaspace       used 60014K, capacity 65878K, committed 66128K, reserved 1105920K
  class space    used 8348K, capacity 9802K, committed 9856K, reserved 1048576K
Event: 11.906 GC heap after
Heap after GC invocations=65 (full 0):
 garbage-first heap   total 2621440K, used 271841K [0x0000000516000000, 0x0000000518000280, 0x00000007c0000000)
  region size 32768K, 2 young (65536K), 2 survivors (65536K)
 Metaspace       used 60014K, capacity 65878K, committed 66128K, reserved 1105920K
  class space    used 8348K, capacity 9802K, committed 9856K, reserved 1048576K
}
Event: 12.147 GC heap before
{Heap before GC invocations=65 (full 0):
 garbage-first heap   total 2621440K, used 730593K [0x0000000516000000, 0x0000000518000280, 0x00000007c0000000)
  region size 32768K, 16 young (524288K), 2 survivors (65536K)
 Metaspace       used 60330K, capacity 66292K, committed 66512K, reserved 1105920K
  class space    used 8428K, capacity 9941K, committed 9984K, reserved 1048576K
Event: 12.355 GC heap after
Heap after GC invocations=66 (full 0):
 garbage-first heap   total 4358144K, used 261861K [0x0000000516000000, 0x0000000518000428, 0x00000007c0000000)
  region size 32768K, 2 young (65536K), 2 survivors (65536K)
 Metaspace       used 60330K, capacity 66292K, committed 66512K, reserved 1105920K
  class space    used 8428K, capacity 9941K, committed 9984K, reserved 1048576K
}
Event: 12.803 GC heap before
{Heap before GC invocations=66 (full 0):
 garbage-first heap   total 4358144K, used 1048293K [0x0000000516000000, 0x0000000518000428, 0x00000007c0000000)
  region size 32768K, 26 young (851968K), 2 survivors (65536K)
 Metaspace       used 61232K, capacity 67504K, committed 67792K, reserved 1107968K
  class space    used 8596K, capacity 10187K, committed 10240K, reserved 1048576K

