# JRE version: Java(TM) SE Runtime Environment (8.0_51-b16) (build 1.8.0_51-b16)
# Java VM: Java HotSpot(TM) 64-Bit Server VM (25.51-b03 mixed mode windows-amd64 compressed oops)
Heap:
 garbage-first heap   total 10846208K, used 377178K [0x0000000516000000, 0x0000000518000a58, 0x00000007c0000000)
  region size 32768K, 2 young (65536K), 2 survivors (65536K)
 Metaspace       used 72249K, capacity 79570K, committed 79696K, reserved 1116160K
  class space    used 10410K, capacity 12393K, committed 12416K, reserved 1048576K
GC Heap History (10 events):
Event: 35.051 GC heap after
Heap after GC invocations=89 (full 0):
 garbage-first heap   total 10027008K, used 367129K [0x0000000516000000, 0x0000000518000990, 0x00000007c0000000)
  region size 32768K, 1 young (32768K), 1 survivors (32768K)
 Metaspace       used 72014K, capacity 79308K, committed 79440K, reserved 1116160K
  class space    used 10382K, capacity 12350K, committed 12416K, reserved 1048576K
}
Event: 38.865 GC heap before
{Heap before GC invocations=89 (full 0):
 garbage-first heap   total 10027008K, used 2333209K [0x0000000516000000, 0x0000000518000990, 0x00000007c0000000)
  region size 32768K, 61 young (1998848K), 1 survivors (32768K)
 Metaspace       used 72020K, capacity 79308K, committed 79440K, reserved 1116160K
  class space    used 10382K, capacity 12350K, committed 12416K, reserved 1048576K
Event: 40.615 GC heap after
Heap after GC invocations=90 (full 0):
 garbage-first heap   total 10256384K, used 373821K [0x0000000516000000, 0x00000005180009c8, 0x00000007c0000000)
  region size 32768K, 2 young (65536K), 2 survivors (65536K)
 Metaspace       used 72020K, capacity 79308K, committed 79440K, reserved 1116160K
  class space    used 10382K, capacity 12350K, committed 12416K, reserved 1048576K
}
Event: 42.325 GC heap before
{Heap before GC invocations=90 (full 0):
 garbage-first heap   total 10256384K, used 2339901K [0x0000000516000000, 0x00000005180009c8, 0x00000007c0000000)
  region size 32768K, 62 young (2031616K), 2 survivors (65536K)
 Metaspace       used 72025K, capacity 79322K, committed 79440K, reserved 1116160K
  class space    used 10384K, capacity 12353K, committed 12416K, reserved 1048576K
Event: 42.521 GC heap after
Heap after GC invocations=91 (full 0):
 garbage-first heap   total 10452992K, used 395569K [0x0000000516000000, 0x00000005180009f8, 0x00000007c0000000)
  region size 32768K, 2 young (65536K), 2 survivors (65536K)
 Metaspace       used 72025K, capacity 79322K, committed 79440K, reserved 1116160K
  class space    used 10384K, capacity 12353K, committed 12416K, reserved 1048576K
}
Event: 44.518 GC heap before
{Heap before GC invocations=91 (full 0):
 garbage-first heap   total 10452992K, used 2394417K [0x0000000516000000, 0x00000005180009f8, 0x00000007c0000000)
  region size 32768K, 63 young (2064384K), 2 survivors (65536K)
 Metaspace       used 72026K, capacity 79322K, committed 79440K, reserved 1116160K
  class space    used 10384K, capacity 12353K, committed 12416K, reserved 1048576K
Event: 45.373 GC heap after
Heap after GC invocations=92 (full 0):
 garbage-first heap   total 10616832K, used 371579K [0x0000000516000000, 0x0000000518000a20, 0x00000007c0000000)
  region size 32768K, 1 young (32768K), 1 survivors (32768K)
 Metaspace       used 72026K, capacity 79322K, committed 79440K, reserved 1116160K
  class space    used 10384K, capacity 12353K, committed 12416K, reserved 1048576K
}
Event: 46.843 GC heap before
{Heap before GC invocations=92 (full 0):
 garbage-first heap   total 10616832K, used 2435963K [0x0000000516000000, 0x0000000518000a20, 0x00000007c0000000)
  region size 32768K, 64 young (2097152K), 1 survivors (32768K)
 Metaspace       used 72064K, capacity 79322K, committed 79440K, reserved 1116160K
  class space    used 10388K, capacity 12353K, committed 12416K, reserved 1048576K
Event: 47.392 GC heap after
Heap after GC invocations=93 (full 0):
 garbage-first heap   total 10747904K, used 375469K [0x0000000516000000, 0x0000000518000a40, 0x00000007c0000000)
  region size 32768K, 2 young (65536K), 2 survivors (65536K)
 Metaspace       used 72064K, capacity 79322K, committed 79440K, reserved 1116160K
  class space    used 10388K, capacity 12353K, committed 12416K, reserved 1048576K
}
Event: 48.197 GC heap before
{Heap before GC invocations=93 (full 0):
 garbage-first heap   total 10747904K, used 2439853K [0x0000000516000000, 0x0000000518000a40, 0x00000007c0000000)
  region size 32768K, 65 young (2129920K), 2 survivors (65536K)
 Metaspace       used 72249K, capacity 79570K, committed 79696K, reserved 1116160K
  class space    used 10410K, capacity 12393K, committed 12416K, reserved 1048576K

