# JRE version: Java(TM) SE Runtime Environment (8.0_51-b16) (build 1.8.0_51-b16)
# Java VM: Java HotSpot(TM) 64-Bit Server VM (25.51-b03 mixed mode windows-amd64 compressed oops)
Heap:
 garbage-first heap   total 5734400K, used 291274K [0x0000000516000000, 0x0000000518000578, 0x00000007c0000000)
  region size 32768K, 3 young (98304K), 3 survivors (98304K)
 Metaspace       used 61061K, capacity 67236K, committed 67536K, reserved 1105920K
  class space    used 8569K, capacity 10125K, committed 10240K, reserved 1048576K
GC Heap History (10 events):
Event: 13.720 GC heap after
Heap after GC invocations=70 (full 0):
 garbage-first heap   total 327680K, used 203480K [0x0000000516000000, 0x0000000518000050, 0x00000007c0000000)
  region size 32768K, 1 young (32768K), 1 survivors (32768K)
 Metaspace       used 58737K, capacity 64446K, committed 64720K, reserved 1103872K
  class space    used 8049K, capacity 9392K, committed 9472K, reserved 1048576K
}
Event: 13.800 GC heap before
{Heap before GC invocations=70 (full 0):
 garbage-first heap   total 327680K, used 236248K [0x0000000516000000, 0x0000000518000050, 0x00000007c0000000)
  region size 32768K, 2 young (65536K), 1 survivors (32768K)
 Metaspace       used 58876K, capacity 64550K, committed 64720K, reserved 1103872K
  class space    used 8083K, capacity 9428K, committed 9472K, reserved 1048576K
Event: 13.821 GC heap after
Heap after GC invocations=71 (full 0):
 garbage-first heap   total 655360K, used 232211K [0x0000000516000000, 0x00000005180000a0, 0x00000007c0000000)
  region size 32768K, 1 young (32768K), 1 survivors (32768K)
 Metaspace       used 58876K, capacity 64550K, committed 64720K, reserved 1103872K
  class space    used 8083K, capacity 9428K, committed 9472K, reserved 1048576K
}
Event: 14.298 GC heap before
{Heap before GC invocations=71 (full 0):
 garbage-first heap   total 655360K, used 461587K [0x0000000516000000, 0x00000005180000a0, 0x00000007c0000000)
  region size 32768K, 8 young (262144K), 1 survivors (32768K)
 Metaspace       used 59319K, capacity 65008K, committed 65104K, reserved 1105920K
  class space    used 8198K, capacity 9573K, committed 9600K, reserved 1048576K
Event: 14.329 GC heap after
Heap after GC invocations=72 (full 0):
 garbage-first heap   total 1310720K, used 243209K [0x0000000516000000, 0x0000000518000140, 0x00000007c0000000)
  region size 32768K, 1 young (32768K), 1 survivors (32768K)
 Metaspace       used 59319K, capacity 65008K, committed 65104K, reserved 1105920K
  class space    used 8198K, capacity 9573K, committed 9600K, reserved 1048576K
}
Event: 14.528 GC heap before
{Heap before GC invocations=72 (full 0):
 garbage-first heap   total 1310720K, used 505353K [0x0000000516000000, 0x0000000518000140, 0x00000007c0000000)
  region size 32768K, 10 young (327680K), 1 survivors (32768K)
 Metaspace       used 59692K, capacity 65468K, committed 65744K, reserved 1105920K
  class space    used 8270K, capacity 9681K, committed 9728K, reserved 1048576K
Event: 14.563 GC heap after
Heap after GC invocations=73 (full 0):
 garbage-first heap   total 2621440K, used 270034K [0x0000000516000000, 0x0000000518000280, 0x00000007c0000000)
  region size 32768K, 2 young (65536K), 2 survivors (65536K)
 Metaspace       used 59692K, capacity 65468K, committed 65744K, reserved 1105920K
  class space    used 8270K, capacity 9681K, committed 9728K, reserved 1048576K
}
Event: 15.743 GC heap before
{Heap before GC invocations=73 (full 0):
 garbage-first heap   total 2621440K, used 1777362K [0x0000000516000000, 0x0000000518000280, 0x00000007c0000000)
  region size 32768K, 49 young (1605632K), 2 survivors (65536K)
 Metaspace       used 60929K, capacity 67042K, committed 67152K, reserved 1105920K
  class space    used 8543K, capacity 10076K, committed 10112K, reserved 1048576K
Event: 15.851 GC heap after
Heap after GC invocations=74 (full 0):
 garbage-first heap   total 4358144K, used 282041K [0x0000000516000000, 0x0000000518000428, 0x00000007c0000000)
  region size 32768K, 3 young (98304K), 3 survivors (98304K)
 Metaspace       used 60929K, capacity 67042K, committed 67152K, reserved 1105920K
  class space    used 8543K, capacity 10076K, committed 10112K, reserved 1048576K
}
Event: 16.628 GC heap before
{Heap before GC invocations=74 (full 0):
 garbage-first heap   total 4358144K, used 1035705K [0x0000000516000000, 0x0000000518000428, 0x00000007c0000000)
  region size 32768K, 27 young (884736K), 3 survivors (98304K)
 Metaspace       used 61061K, capacity 67236K, committed 67536K, reserved 1105920K
  class space    used 8569K, capacity 10125K, committed 10240K, reserved 1048576K

