# JRE version: Java(TM) SE Runtime Environment (8.0_51-b16) (build 1.8.0_51-b16)
# Java VM: Java HotSpot(TM) 64-Bit Server VM (25.51-b03 mixed mode windows-amd64 compressed oops)
Heap:
 garbage-first heap   total 11141120K, used 364143K [0x0000000516000000, 0x0000000518000aa0, 0x00000007c0000000)
  region size 32768K, 2 young (65536K), 2 survivors (65536K)
 Metaspace       used 67201K, capacity 74032K, committed 74140K, reserved 1112064K
  class space    used 9675K, capacity 11466K, committed 11468K, reserved 1048576K
GC Heap History (10 events):
Event: 21.573 GC heap after
Heap after GC invocations=80 (full 0):
 garbage-first heap   total 10911744K, used 361963K [0x0000000516000000, 0x0000000518000a68, 0x00000007c0000000)
  region size 32768K, 3 young (98304K), 3 survivors (98304K)
 Metaspace       used 67010K, capacity 73822K, committed 73884K, reserved 1112064K
  class space    used 9662K, capacity 11465K, committed 11468K, reserved 1048576K
}
Event: 22.085 GC heap before
{Heap before GC invocations=80 (full 0):
 garbage-first heap   total 10911744K, used 2426347K [0x0000000516000000, 0x0000000518000a68, 0x00000007c0000000)
  region size 32768K, 66 young (2162688K), 3 survivors (98304K)
 Metaspace       used 67077K, capacity 73950K, committed 74140K, reserved 1112064K
  class space    used 9669K, capacity 11465K, committed 11468K, reserved 1048576K
Event: 22.123 GC heap after
Heap after GC invocations=81 (full 0):
 garbage-first heap   total 10977280K, used 356885K [0x0000000516000000, 0x0000000518000a78, 0x00000007c0000000)
  region size 32768K, 3 young (98304K), 3 survivors (98304K)
 Metaspace       used 67077K, capacity 73950K, committed 74140K, reserved 1112064K
  class space    used 9669K, capacity 11465K, committed 11468K, reserved 1048576K
}
Event: 22.693 GC heap before
{Heap before GC invocations=81 (full 0):
 garbage-first heap   total 10977280K, used 2945557K [0x0000000516000000, 0x0000000518000a78, 0x00000007c0000000)
  region size 32768K, 82 young (2686976K), 3 survivors (98304K)
 Metaspace       used 67141K, capacity 73950K, committed 74140K, reserved 1112064K
  class space    used 9670K, capacity 11465K, committed 11468K, reserved 1048576K
Event: 22.759 GC heap after
Heap after GC invocations=82 (full 0):
 garbage-first heap   total 11042816K, used 350768K [0x0000000516000000, 0x0000000518000a88, 0x00000007c0000000)
  region size 32768K, 2 young (65536K), 2 survivors (65536K)
 Metaspace       used 67141K, capacity 73950K, committed 74140K, reserved 1112064K
  class space    used 9670K, capacity 11465K, committed 11468K, reserved 1048576K
}
Event: 23.167 GC heap before
{Heap before GC invocations=82 (full 0):
 garbage-first heap   total 11042816K, used 2480688K [0x0000000516000000, 0x0000000518000a88, 0x00000007c0000000)
  region size 32768K, 67 young (2195456K), 2 survivors (65536K)
 Metaspace       used 67171K, capacity 73952K, committed 74140K, reserved 1112064K
  class space    used 9674K, capacity 11466K, committed 11468K, reserved 1048576K
Event: 23.226 GC heap after
Heap after GC invocations=83 (full 0):
 garbage-first heap   total 11075584K, used 374648K [0x0000000516000000, 0x0000000518000a90, 0x00000007c0000000)
  region size 32768K, 3 young (98304K), 3 survivors (98304K)
 Metaspace       used 67171K, capacity 73952K, committed 74140K, reserved 1112064K
  class space    used 9674K, capacity 11466K, committed 11468K, reserved 1048576K
}
Event: 23.650 GC heap before
{Heap before GC invocations=83 (full 0):
 garbage-first heap   total 11075584K, used 2471800K [0x0000000516000000, 0x0000000518000a90, 0x00000007c0000000)
  region size 32768K, 67 young (2195456K), 3 survivors (98304K)
 Metaspace       used 67190K, capacity 74024K, committed 74140K, reserved 1112064K
  class space    used 9674K, capacity 11466K, committed 11468K, reserved 1048576K
Event: 23.696 GC heap after
Heap after GC invocations=84 (full 0):
 garbage-first heap   total 11108352K, used 370745K [0x0000000516000000, 0x0000000518000a98, 0x00000007c0000000)
  region size 32768K, 3 young (98304K), 3 survivors (98304K)
 Metaspace       used 67190K, capacity 74024K, committed 74140K, reserved 1112064K
  class space    used 9674K, capacity 11466K, committed 11468K, reserved 1048576K
}
Event: 24.077 GC heap before
{Heap before GC invocations=84 (full 0):
 garbage-first heap   total 11108352K, used 2467897K [0x0000000516000000, 0x0000000518000a98, 0x00000007c0000000)
  region size 32768K, 67 young (2195456K), 3 survivors (98304K)
 Metaspace       used 67201K, capacity 74032K, committed 74140K, reserved 1112064K
  class space    used 9675K, capacity 11466K, committed 11468K, reserved 1048576K

